<?xml version="1.0" encoding="UTF-8"?>
<!-- Generated by org.testng.reporters.JUnitReportReporter -->
<testsuite hostname="VLQADEV-E03" name="tests.tablet.homeUI.HomePageInformation" tests="7" failures="0" timestamp="27 Mar 2015 16:44:40 GMT" time="1.982" errors="0">
  <testcase name="testAvailableMessageDisplayedWhenRoomIsFreeEOD" time="0.140" classname="tests.tablet.homeUI.HomePageInformation"/>
  <testcase name="testTimeLeftUntilMidnightWhenRoomIsFreeAfter" time="0.046" classname="tests.tablet.homeUI.HomePageInformation"/>
  <testcase name="testCurrentTimeIsDisplayedInMainWindow" time="0.081" classname="tests.tablet.homeUI.HomePageInformation"/>
  <testcase name="testRoomCodeDisplayedInMainWindow" time="0.134" classname="tests.tablet.homeUI.HomePageInformation"/>
  <testcase name="testAvailableColorIsDisplayedInNowTileWhenAnyMeetingIsInProgress" time="1.346" classname="tests.tablet.homeUI.HomePageInformation"/>
  <testcase name="testEndOfDayMessageIsDisplayedWhenRoomIsFreeEOD" time="0.122" classname="tests.tablet.homeUI.HomePageInformation"/>
  <testcase name="testRoomNameDisplayedInMainWindow" time="0.113" classname="tests.tablet.homeUI.HomePageInformation"/>
</testsuite> <!-- tests.tablet.homeUI.HomePageInformation -->
