<?xml version="1.0" encoding="UTF-8"?>
<!-- Generated by org.testng.reporters.JUnitReportReporter -->
<testsuite hostname="VLQADEV-E03" name="tests.tablet.homeUI.NavigationFromHomePage" tests="4" failures="0" timestamp="27 Mar 2015 16:44:41 GMT" time="5.790" errors="0">
  <testcase name="testSchedulePageIsDisplayedWhenTimeLineIsClicked" time="1.301" classname="tests.tablet.homeUI.NavigationFromHomePage"/>
  <testcase name="testSchedulePageIsDisplayedWhenScheduleButtonIsClicked" time="1.618" classname="tests.tablet.homeUI.NavigationFromHomePage"/>
  <testcase name="testSchedulePageIsDisplayedWhenNowTileIsClickedAndTheRoomIsFreeEOD" time="1.613" classname="tests.tablet.homeUI.NavigationFromHomePage"/>
  <testcase name="testSearchPageIsDisplayedWhenSearchButtonIsClicked" time="1.258" classname="tests.tablet.homeUI.NavigationFromHomePage"/>
</testsuite> <!-- tests.tablet.homeUI.NavigationFromHomePage -->
