<?xml version="1.0" encoding="UTF-8"?>
<!-- Generated by org.testng.reporters.JUnitReportReporter -->
<testsuite hostname="VLQADEV-E03" name="tests.tablet.homeUI.UpdateOfNextMeetingSubjetWhenItIsChanged" tests="1" failures="0" timestamp="27 Mar 2015 16:44:40 GMT" time="3.404" errors="0">
  <testcase name="testRefreshOfNextMeetingNameWhenItIsUpdated" time="3.404" classname="tests.tablet.homeUI.UpdateOfNextMeetingSubjetWhenItIsChanged"/>
</testsuite> <!-- tests.tablet.homeUI.UpdateOfNextMeetingSubjetWhenItIsChanged -->
